01/03/23 (11:23:53) | ERROR: Exception while getting cpu frequency!
01/03/23 (11:23:53) | ERROR: [Errno 2] No such file or directory (originated from sysctl(HW_CPU_FREQ))
Traceback (most recent call last):
  File "/opt/homebrew/bin/bpytop", line 3080, in _collect
    if CONFIG.show_cpu_freq and hasattr(psutil.cpu_freq(), "current"):
                                        ^^^^^^^^^^^^^^^^^
  File "/opt/homebrew/Cellar/bpytop/1.0.68/libexec/lib/python3.11/site-packages/psutil/__init__.py", line 1864, in cpu_freq
    ret = _psplatform.cpu_freq()
          ^^^^^^^^^^^^^^^^^^^^^^
  File "/opt/homebrew/Cellar/bpytop/1.0.68/libexec/lib/python3.11/site-packages/psutil/_psosx.py", line 179, in cpu_freq
    curr, min_, max_ = cext.cpu_freq()
                       ^^^^^^^^^^^^^^^
FileNotFoundError: [Errno 2] No such file or directory (originated from sysctl(HW_CPU_FREQ))
03/04/23 (17:11:19) | ERROR: [Errno 2] No such file or directory: '/home/modulolinux/.config/bpytop/themes'
Traceback (most recent call last):
  File "/home/linuxbrew/.linuxbrew/bin/bpytop", line 1357, in refresh
    for f in os.listdir(d):
             ^^^^^^^^^^^^^
FileNotFoundError: [Errno 2] No such file or directory: '/home/modulolinux/.config/bpytop/themes'
03/04/23 (17:11:23) | ERROR: [Errno 2] No such file or directory: '/home/modulolinux/.config/bpytop/themes'
Traceback (most recent call last):
  File "/home/linuxbrew/.linuxbrew/bin/bpytop", line 1357, in refresh
    for f in os.listdir(d):
             ^^^^^^^^^^^^^
FileNotFoundError: [Errno 2] No such file or directory: '/home/modulolinux/.config/bpytop/themes'
25/04/23 (10:21:28) | ERROR: [Errno 2] No such file or directory: '/home/modulolinux/.config/bpytop/themes'
Traceback (most recent call last):
  File "/home/linuxbrew/.linuxbrew/bin/bpytop", line 1357, in refresh
    for f in os.listdir(d):
             ^^^^^^^^^^^^^
FileNotFoundError: [Errno 2] No such file or directory: '/home/modulolinux/.config/bpytop/themes'
25/04/23 (10:22:05) | ERROR: [Errno 2] No such file or directory: '/home/modulolinux/.config/bpytop/themes'
Traceback (most recent call last):
  File "/home/linuxbrew/.linuxbrew/bin/bpytop", line 1357, in refresh
    for f in os.listdir(d):
             ^^^^^^^^^^^^^
FileNotFoundError: [Errno 2] No such file or directory: '/home/modulolinux/.config/bpytop/themes'
17/06/23 (13:52:37) | ERROR: [Errno 2] No such file or directory: '/home/modulolinux/.config/bpytop/themes'
Traceback (most recent call last):
  File "/home/linuxbrew/.linuxbrew/bin/bpytop", line 1357, in refresh
    for f in os.listdir(d):
             ^^^^^^^^^^^^^
FileNotFoundError: [Errno 2] No such file or directory: '/home/modulolinux/.config/bpytop/themes'
17/06/23 (17:58:15) | ERROR: [Errno 2] No such file or directory: '/home/modulolinux/.config/bpytop/themes'
Traceback (most recent call last):
  File "/home/linuxbrew/.linuxbrew/bin/bpytop", line 1357, in refresh
    for f in os.listdir(d):
             ^^^^^^^^^^^^^
FileNotFoundError: [Errno 2] No such file or directory: '/home/modulolinux/.config/bpytop/themes'
17/06/23 (21:29:59) | ERROR: [Errno 2] No such file or directory: '/home/modulolinux/.config/bpytop/themes'
Traceback (most recent call last):
  File "/home/linuxbrew/.linuxbrew/bin/bpytop", line 1357, in refresh
    for f in os.listdir(d):
             ^^^^^^^^^^^^^
FileNotFoundError: [Errno 2] No such file or directory: '/home/modulolinux/.config/bpytop/themes'
03/07/23 (18:37:35) | ERROR: [Errno 2] No such file or directory: '/home/modulolinux/.config/bpytop/themes'
Traceback (most recent call last):
  File "/home/linuxbrew/.linuxbrew/bin/bpytop", line 1357, in refresh
    for f in os.listdir(d):
             ^^^^^^^^^^^^^
FileNotFoundError: [Errno 2] No such file or directory: '/home/modulolinux/.config/bpytop/themes'
03/07/23 (18:38:45) | ERROR: [Errno 2] No such file or directory: '/home/modulolinux/.config/bpytop/themes'
Traceback (most recent call last):
  File "/home/linuxbrew/.linuxbrew/bin/bpytop", line 1357, in refresh
    for f in os.listdir(d):
             ^^^^^^^^^^^^^
FileNotFoundError: [Errno 2] No such file or directory: '/home/modulolinux/.config/bpytop/themes'
